<?xml version="1.0" encoding="UTF-8"?>
<!-- Generated by org.testng.reporters.JUnitReportReporter -->
<testsuite skipped="0" hostname="SYNGDCL0439" name="com.mahesh.NewTest" tests="1" failures="0" timestamp="04 May 2020 12:08:41 GMT" time="0.009" errors="0">
  <testcase name="f" time="0.009" classname="com.mahesh.NewTest"/>
</testsuite> <!-- com.mahesh.NewTest -->
