<?xml version="1.0" encoding="UTF-8"?>
<!-- Generated by org.testng.reporters.JUnitReportReporter -->
<testsuite skipped="0" hostname="SYNGDCL0439" name="com.mahesh.AppTest" tests="1" failures="0" timestamp="04 May 2020 12:08:41 GMT" time="0.001" errors="0">
  <testcase name="testApp" time="0.001" classname="com.mahesh.AppTest"/>
</testsuite> <!-- com.mahesh.AppTest -->
